2018-05-31 12:23:00,168 INFO LeshanClientDemo - Press 'w','a','s','d' to change reported Location (83.0,-177.0).
2018-05-31 12:23:00,169 INFO LeshanClient - Starting Leshan client ...
2018-05-31 12:23:00,192 INFO LeshanClient - Leshan client[endpoint:device1] started at coap://0.0.0.0/0.0.0.0:55495 
2018-05-31 12:23:00,228 INFO RegistrationEngine - Trying to register to coap://localhost:5683 ...
2018-05-31 12:23:00,330 INFO RegistrationEngine - Registered with location '/rd/dpXmJDxb7v'.
2018-05-31 12:23:00,331 INFO RegistrationEngine - Next registration update in 27.0s...
2018-05-31 12:23:02,732 INFO LeshanClient - Destroying Leshan client ...
2018-05-31 12:23:02,734 INFO RegistrationEngine - Trying to deregister to coap://localhost:5683 ...
2018-05-31 12:23:02,744 INFO RegistrationEngine - De-register response DELETED null.
2018-05-31 12:23:02,749 INFO LeshanClient - Leshan client destroyed.
2018-05-31 12:23:37,295 INFO LeshanClientDemo - Press 'w','a','s','d' to change reported Location (-51.0,-156.0).
2018-05-31 12:23:37,297 INFO LeshanClient - Starting Leshan client ...
2018-05-31 12:23:37,315 INFO LeshanClientDemo - Press 'w','a','s','d' to change reported Location (-31.0,131.0).
2018-05-31 12:23:37,318 INFO LeshanClient - Starting Leshan client ...
2018-05-31 12:23:37,530 INFO LeshanClient - Leshan client[endpoint:device5] started at coap://0.0.0.0/0.0.0.0:45713 
2018-05-31 12:23:37,579 INFO LeshanClient - Leshan client[endpoint:device3] started at coap://0.0.0.0/0.0.0.0:49814 
2018-05-31 12:23:37,598 INFO LeshanClientDemo - Press 'w','a','s','d' to change reported Location (13.0,50.0).
2018-05-31 12:23:37,637 INFO LeshanClient - Starting Leshan client ...
2018-05-31 12:23:37,675 INFO LeshanClientDemo - Press 'w','a','s','d' to change reported Location (89.0,95.0).
2018-05-31 12:23:37,678 INFO LeshanClient - Starting Leshan client ...
2018-05-31 12:23:37,685 INFO RegistrationEngine - Trying to register to coap://localhost:5683 ...
2018-05-31 12:23:37,703 INFO LeshanClientDemo - Press 'w','a','s','d' to change reported Location (-50.0,-86.0).
2018-05-31 12:23:37,721 INFO LeshanClient - Starting Leshan client ...
2018-05-31 12:23:37,781 INFO RegistrationEngine - Trying to register to coap://localhost:5683 ...
2018-05-31 12:23:37,832 INFO LeshanClientDemo - Press 'w','a','s','d' to change reported Location (-55.0,-79.0).
2018-05-31 12:23:37,834 INFO LeshanClient - Starting Leshan client ...
2018-05-31 12:23:37,906 INFO LeshanClient - Leshan client[endpoint:device8] started at coap://0.0.0.0/0.0.0.0:58859 
2018-05-31 12:23:37,898 INFO LeshanClientDemo - Press 'w','a','s','d' to change reported Location (-82.0,172.0).
2018-05-31 12:23:37,911 INFO LeshanClient - Starting Leshan client ...
2018-05-31 12:23:37,912 INFO LeshanClient - Leshan client[endpoint:device4] started at coap://0.0.0.0/0.0.0.0:47046 
2018-05-31 12:23:37,930 INFO LeshanClientDemo - Press 'w','a','s','d' to change reported Location (-53.0,24.0).
2018-05-31 12:23:37,974 INFO LeshanClient - Starting Leshan client ...
2018-05-31 12:23:38,007 INFO RegistrationEngine - Registered with location '/rd/6JNTUpcjYz'.
2018-05-31 12:23:38,008 INFO RegistrationEngine - Next registration update in 27.0s...
2018-05-31 12:23:38,017 INFO LeshanClient - Leshan client[endpoint:device1] started at coap://0.0.0.0/0.0.0.0:60663 
2018-05-31 12:23:38,024 INFO RegistrationEngine - Trying to register to coap://localhost:5683 ...
2018-05-31 12:23:38,064 INFO LeshanClient - Leshan client[endpoint:device6] started at coap://0.0.0.0/0.0.0.0:55216 
2018-05-31 12:23:38,115 INFO LeshanClientDemo - Press 'w','a','s','d' to change reported Location (58.0,9.0).
2018-05-31 12:23:38,136 INFO RegistrationEngine - Trying to register to coap://localhost:5683 ...
2018-05-31 12:23:38,158 INFO RegistrationEngine - Trying to register to coap://localhost:5683 ...
2018-05-31 12:23:38,117 INFO LeshanClient - Starting Leshan client ...
2018-05-31 12:23:38,182 INFO LeshanClient - Leshan client[endpoint:device7] started at coap://0.0.0.0/0.0.0.0:51361 
2018-05-31 12:23:38,206 INFO LeshanClient - Leshan client[endpoint:device2] started at coap://0.0.0.0/0.0.0.0:47201 
2018-05-31 12:23:38,227 INFO RegistrationEngine - Trying to register to coap://localhost:5683 ...
2018-05-31 12:23:38,236 INFO LeshanClientDemo - Press 'w','a','s','d' to change reported Location (22.0,-107.0).
2018-05-31 12:23:38,278 INFO LeshanClient - Starting Leshan client ...
2018-05-31 12:23:38,362 INFO RegistrationEngine - Trying to register to coap://localhost:5683 ...
2018-05-31 12:23:38,392 INFO RegistrationEngine - Registered with location '/rd/fKKdjQujZZ'.
2018-05-31 12:23:38,393 INFO RegistrationEngine - Next registration update in 27.0s...
2018-05-31 12:23:38,400 INFO RegistrationEngine - Trying to register to coap://localhost:5683 ...
2018-05-31 12:23:38,420 INFO LeshanClient - Leshan client[endpoint:device10] started at coap://0.0.0.0/0.0.0.0:51466 
2018-05-31 12:23:38,444 INFO RegistrationEngine - Registered with location '/rd/kJkniUolHq'.
2018-05-31 12:23:38,445 INFO RegistrationEngine - Next registration update in 27.0s...
2018-05-31 12:23:38,494 INFO LeshanClient - Leshan client[endpoint:device9] started at coap://0.0.0.0/0.0.0.0:55131 
2018-05-31 12:23:38,576 INFO RegistrationEngine - Registered with location '/rd/JoFC986HSx'.
2018-05-31 12:23:38,577 INFO RegistrationEngine - Next registration update in 27.0s...
2018-05-31 12:23:38,583 INFO RegistrationEngine - Registered with location '/rd/zBGR4pRYw0'.
2018-05-31 12:23:38,585 INFO RegistrationEngine - Next registration update in 27.0s...
2018-05-31 12:23:38,598 INFO RegistrationEngine - Trying to register to coap://localhost:5683 ...
2018-05-31 12:23:38,629 INFO RegistrationEngine - Registered with location '/rd/aB4EsgLhsS'.
2018-05-31 12:23:38,630 INFO RegistrationEngine - Next registration update in 27.0s...
2018-05-31 12:23:38,656 INFO RegistrationEngine - Trying to register to coap://localhost:5683 ...
2018-05-31 12:23:38,702 INFO RegistrationEngine - Registered with location '/rd/3tkwAf3SDk'.
2018-05-31 12:23:38,706 INFO RegistrationEngine - Next registration update in 27.0s...
2018-05-31 12:23:38,719 INFO RegistrationEngine - Registered with location '/rd/R1ZMoeHYf7'.
2018-05-31 12:23:38,720 INFO RegistrationEngine - Next registration update in 27.0s...
2018-05-31 12:23:38,838 INFO RegistrationEngine - Registered with location '/rd/n7mfc0C8hE'.
2018-05-31 12:23:38,839 INFO RegistrationEngine - Next registration update in 27.0s...
2018-05-31 12:23:38,862 INFO RegistrationEngine - Registered with location '/rd/XZEW7ZHVXA'.
2018-05-31 12:23:38,863 INFO RegistrationEngine - Next registration update in 27.0s...
2018-05-31 12:24:05,011 INFO RegistrationEngine - Trying to update registration to coap://localhost:5683 ...
2018-05-31 12:24:05,031 INFO RegistrationEngine - Registration update succeed.
2018-05-31 12:24:05,032 INFO RegistrationEngine - Next registration update in 27.0s...
2018-05-31 12:24:05,396 INFO RegistrationEngine - Trying to update registration to coap://localhost:5683 ...
2018-05-31 12:24:05,403 INFO RegistrationEngine - Registration update succeed.
2018-05-31 12:24:05,407 INFO RegistrationEngine - Next registration update in 27.0s...
2018-05-31 12:24:05,447 INFO RegistrationEngine - Trying to update registration to coap://localhost:5683 ...
2018-05-31 12:24:05,454 INFO RegistrationEngine - Registration update succeed.
2018-05-31 12:24:05,456 INFO RegistrationEngine - Next registration update in 27.0s...
2018-05-31 12:24:05,593 INFO RegistrationEngine - Trying to update registration to coap://localhost:5683 ...
2018-05-31 12:24:05,593 INFO RegistrationEngine - Trying to update registration to coap://localhost:5683 ...
2018-05-31 12:24:05,611 INFO RegistrationEngine - Registration update succeed.
2018-05-31 12:24:05,618 INFO RegistrationEngine - Next registration update in 27.0s...
2018-05-31 12:24:05,634 INFO RegistrationEngine - Trying to update registration to coap://localhost:5683 ...
2018-05-31 12:24:05,642 INFO RegistrationEngine - Registration update succeed.
2018-05-31 12:24:05,645 INFO RegistrationEngine - Next registration update in 27.0s...
2018-05-31 12:24:05,656 INFO RegistrationEngine - Registration update succeed.
2018-05-31 12:24:05,657 INFO RegistrationEngine - Next registration update in 27.0s...
2018-05-31 12:24:05,714 INFO RegistrationEngine - Trying to update registration to coap://localhost:5683 ...
2018-05-31 12:24:05,722 INFO RegistrationEngine - Trying to update registration to coap://localhost:5683 ...
2018-05-31 12:24:05,725 INFO RegistrationEngine - Registration update succeed.
2018-05-31 12:24:05,736 INFO RegistrationEngine - Registration update succeed.
2018-05-31 12:24:05,738 INFO RegistrationEngine - Next registration update in 27.0s...
2018-05-31 12:24:05,736 INFO RegistrationEngine - Next registration update in 27.0s...
2018-05-31 12:24:05,841 INFO RegistrationEngine - Trying to update registration to coap://localhost:5683 ...
2018-05-31 12:24:05,854 INFO RegistrationEngine - Registration update succeed.
2018-05-31 12:24:05,855 INFO RegistrationEngine - Next registration update in 27.0s...
2018-05-31 12:24:05,866 INFO RegistrationEngine - Trying to update registration to coap://localhost:5683 ...
2018-05-31 12:24:05,879 INFO RegistrationEngine - Registration update succeed.
2018-05-31 12:24:05,879 INFO RegistrationEngine - Next registration update in 27.0s...
2018-05-31 12:24:32,033 INFO RegistrationEngine - Trying to update registration to coap://localhost:5683 ...
2018-05-31 12:24:32,042 INFO RegistrationEngine - Registration update succeed.
2018-05-31 12:24:32,042 INFO RegistrationEngine - Next registration update in 27.0s...
2018-05-31 12:24:32,408 INFO RegistrationEngine - Trying to update registration to coap://localhost:5683 ...
2018-05-31 12:24:32,412 INFO RegistrationEngine - Registration update succeed.
2018-05-31 12:24:32,412 INFO RegistrationEngine - Next registration update in 27.0s...
2018-05-31 12:24:32,457 INFO RegistrationEngine - Trying to update registration to coap://localhost:5683 ...
2018-05-31 12:24:32,462 INFO RegistrationEngine - Registration update succeed.
2018-05-31 12:24:32,462 INFO RegistrationEngine - Next registration update in 27.0s...
2018-05-31 12:24:32,627 INFO RegistrationEngine - Trying to update registration to coap://localhost:5683 ...
2018-05-31 12:24:32,633 INFO RegistrationEngine - Registration update succeed.
2018-05-31 12:24:32,633 INFO RegistrationEngine - Next registration update in 27.0s...
2018-05-31 12:24:32,646 INFO RegistrationEngine - Trying to update registration to coap://localhost:5683 ...
2018-05-31 12:24:32,654 INFO RegistrationEngine - Registration update succeed.
2018-05-31 12:24:32,654 INFO RegistrationEngine - Next registration update in 27.0s...
2018-05-31 12:24:32,658 INFO RegistrationEngine - Trying to update registration to coap://localhost:5683 ...
2018-05-31 12:24:32,668 INFO RegistrationEngine - Registration update succeed.
2018-05-31 12:24:32,669 INFO RegistrationEngine - Next registration update in 27.0s...
2018-05-31 12:24:32,741 INFO RegistrationEngine - Trying to update registration to coap://localhost:5683 ...
2018-05-31 12:24:32,742 INFO RegistrationEngine - Trying to update registration to coap://localhost:5683 ...
2018-05-31 12:24:32,751 INFO RegistrationEngine - Registration update succeed.
2018-05-31 12:24:32,751 INFO RegistrationEngine - Registration update succeed.
2018-05-31 12:24:32,752 INFO RegistrationEngine - Next registration update in 27.0s...
2018-05-31 12:24:32,752 INFO RegistrationEngine - Next registration update in 27.0s...
2018-05-31 12:24:32,855 INFO RegistrationEngine - Trying to update registration to coap://localhost:5683 ...
2018-05-31 12:24:32,863 INFO RegistrationEngine - Registration update succeed.
2018-05-31 12:24:32,863 INFO RegistrationEngine - Next registration update in 27.0s...
2018-05-31 12:24:32,881 INFO RegistrationEngine - Trying to update registration to coap://localhost:5683 ...
2018-05-31 12:24:32,886 INFO RegistrationEngine - Registration update succeed.
2018-05-31 12:24:32,887 INFO RegistrationEngine - Next registration update in 27.0s...
2018-05-31 12:24:59,043 INFO RegistrationEngine - Trying to update registration to coap://localhost:5683 ...
2018-05-31 12:24:59,048 INFO RegistrationEngine - Registration update succeed.
2018-05-31 12:24:59,048 INFO RegistrationEngine - Next registration update in 27.0s...
2018-05-31 12:24:59,413 INFO RegistrationEngine - Trying to update registration to coap://localhost:5683 ...
2018-05-31 12:24:59,416 INFO RegistrationEngine - Registration update succeed.
2018-05-31 12:24:59,417 INFO RegistrationEngine - Next registration update in 27.0s...
2018-05-31 12:24:59,463 INFO RegistrationEngine - Trying to update registration to coap://localhost:5683 ...
2018-05-31 12:24:59,468 INFO RegistrationEngine - Registration update succeed.
2018-05-31 12:24:59,468 INFO RegistrationEngine - Next registration update in 27.0s...
2018-05-31 12:24:59,634 INFO RegistrationEngine - Trying to update registration to coap://localhost:5683 ...
2018-05-31 12:24:59,640 INFO RegistrationEngine - Registration update succeed.
2018-05-31 12:24:59,640 INFO RegistrationEngine - Next registration update in 27.0s...
2018-05-31 12:24:59,658 INFO RegistrationEngine - Trying to update registration to coap://localhost:5683 ...
2018-05-31 12:24:59,662 INFO RegistrationEngine - Registration update succeed.
2018-05-31 12:24:59,662 INFO RegistrationEngine - Next registration update in 27.0s...
2018-05-31 12:24:59,670 INFO RegistrationEngine - Trying to update registration to coap://localhost:5683 ...
2018-05-31 12:24:59,674 INFO RegistrationEngine - Registration update succeed.
2018-05-31 12:24:59,674 INFO RegistrationEngine - Next registration update in 27.0s...
2018-05-31 12:24:59,753 INFO RegistrationEngine - Trying to update registration to coap://localhost:5683 ...
2018-05-31 12:24:59,753 INFO RegistrationEngine - Trying to update registration to coap://localhost:5683 ...
2018-05-31 12:24:59,759 INFO RegistrationEngine - Registration update succeed.
2018-05-31 12:24:59,759 INFO RegistrationEngine - Next registration update in 27.0s...
2018-05-31 12:24:59,763 INFO RegistrationEngine - Registration update succeed.
2018-05-31 12:24:59,764 INFO RegistrationEngine - Next registration update in 27.0s...
2018-05-31 12:24:59,864 INFO RegistrationEngine - Trying to update registration to coap://localhost:5683 ...
2018-05-31 12:24:59,869 INFO RegistrationEngine - Registration update succeed.
2018-05-31 12:24:59,870 INFO RegistrationEngine - Next registration update in 27.0s...
2018-05-31 12:24:59,896 INFO RegistrationEngine - Trying to update registration to coap://localhost:5683 ...
2018-05-31 12:24:59,901 INFO RegistrationEngine - Registration update succeed.
2018-05-31 12:24:59,902 INFO RegistrationEngine - Next registration update in 27.0s...
2018-05-31 12:25:26,053 INFO RegistrationEngine - Trying to update registration to coap://localhost:5683 ...
2018-05-31 12:25:26,061 INFO RegistrationEngine - Registration update succeed.
2018-05-31 12:25:26,062 INFO RegistrationEngine - Next registration update in 27.0s...
2018-05-31 12:25:26,418 INFO RegistrationEngine - Trying to update registration to coap://localhost:5683 ...
2018-05-31 12:25:26,422 INFO RegistrationEngine - Registration update succeed.
2018-05-31 12:25:26,423 INFO RegistrationEngine - Next registration update in 27.0s...
2018-05-31 12:25:26,470 INFO RegistrationEngine - Trying to update registration to coap://localhost:5683 ...
2018-05-31 12:25:26,475 INFO RegistrationEngine - Registration update succeed.
2018-05-31 12:25:26,475 INFO RegistrationEngine - Next registration update in 27.0s...
2018-05-31 12:25:26,661 INFO RegistrationEngine - Trying to update registration to coap://localhost:5683 ...
2018-05-31 12:25:26,665 INFO RegistrationEngine - Trying to update registration to coap://localhost:5683 ...
2018-05-31 12:25:26,668 INFO RegistrationEngine - Registration update succeed.
2018-05-31 12:25:26,668 INFO RegistrationEngine - Next registration update in 27.0s...
2018-05-31 12:25:26,676 INFO RegistrationEngine - Trying to update registration to coap://localhost:5683 ...
2018-05-31 12:25:26,676 INFO RegistrationEngine - Registration update succeed.
2018-05-31 12:25:26,676 INFO RegistrationEngine - Next registration update in 27.0s...
2018-05-31 12:25:26,686 INFO RegistrationEngine - Registration update succeed.
2018-05-31 12:25:26,686 INFO RegistrationEngine - Next registration update in 27.0s...
2018-05-31 12:25:26,760 INFO RegistrationEngine - Trying to update registration to coap://localhost:5683 ...
2018-05-31 12:25:26,767 INFO RegistrationEngine - Trying to update registration to coap://localhost:5683 ...
2018-05-31 12:25:26,769 INFO RegistrationEngine - Registration update succeed.
2018-05-31 12:25:26,769 INFO RegistrationEngine - Next registration update in 27.0s...
2018-05-31 12:25:26,774 INFO RegistrationEngine - Registration update succeed.
2018-05-31 12:25:26,775 INFO RegistrationEngine - Next registration update in 27.0s...
2018-05-31 12:25:26,881 INFO RegistrationEngine - Trying to update registration to coap://localhost:5683 ...
2018-05-31 12:25:26,887 INFO RegistrationEngine - Registration update succeed.
2018-05-31 12:25:26,888 INFO RegistrationEngine - Next registration update in 27.0s...
2018-05-31 12:25:26,905 INFO RegistrationEngine - Trying to update registration to coap://localhost:5683 ...
2018-05-31 12:25:26,909 INFO RegistrationEngine - Registration update succeed.
2018-05-31 12:25:26,910 INFO RegistrationEngine - Next registration update in 27.0s...
2018-05-31 12:25:53,064 INFO RegistrationEngine - Trying to update registration to coap://localhost:5683 ...
2018-05-31 12:25:53,069 INFO RegistrationEngine - Registration update succeed.
2018-05-31 12:25:53,069 INFO RegistrationEngine - Next registration update in 27.0s...
2018-05-31 12:25:53,426 INFO RegistrationEngine - Trying to update registration to coap://localhost:5683 ...
2018-05-31 12:25:53,430 INFO RegistrationEngine - Registration update succeed.
2018-05-31 12:25:53,430 INFO RegistrationEngine - Next registration update in 27.0s...
2018-05-31 12:25:53,476 INFO RegistrationEngine - Trying to update registration to coap://localhost:5683 ...
2018-05-31 12:25:53,480 INFO RegistrationEngine - Registration update succeed.
2018-05-31 12:25:53,480 INFO RegistrationEngine - Next registration update in 27.0s...
2018-05-31 12:25:53,669 INFO RegistrationEngine - Trying to update registration to coap://localhost:5683 ...
2018-05-31 12:25:53,673 INFO RegistrationEngine - Registration update succeed.
2018-05-31 12:25:53,674 INFO RegistrationEngine - Next registration update in 27.0s...
2018-05-31 12:25:53,677 INFO RegistrationEngine - Trying to update registration to coap://localhost:5683 ...
2018-05-31 12:25:53,681 INFO RegistrationEngine - Registration update succeed.
2018-05-31 12:25:53,682 INFO RegistrationEngine - Next registration update in 27.0s...
2018-05-31 12:25:53,689 INFO RegistrationEngine - Trying to update registration to coap://localhost:5683 ...
2018-05-31 12:25:53,693 INFO RegistrationEngine - Registration update succeed.
2018-05-31 12:25:53,693 INFO RegistrationEngine - Next registration update in 27.0s...
2018-05-31 12:25:53,771 INFO RegistrationEngine - Trying to update registration to coap://localhost:5683 ...
2018-05-31 12:25:53,776 INFO RegistrationEngine - Trying to update registration to coap://localhost:5683 ...
2018-05-31 12:25:53,778 INFO RegistrationEngine - Registration update succeed.
2018-05-31 12:25:53,778 INFO RegistrationEngine - Next registration update in 27.0s...
2018-05-31 12:25:53,781 INFO RegistrationEngine - Registration update succeed.
2018-05-31 12:25:53,781 INFO RegistrationEngine - Next registration update in 27.0s...
2018-05-31 12:25:53,894 INFO RegistrationEngine - Trying to update registration to coap://localhost:5683 ...
2018-05-31 12:25:53,900 INFO RegistrationEngine - Registration update succeed.
2018-05-31 12:25:53,901 INFO RegistrationEngine - Next registration update in 27.0s...
2018-05-31 12:25:53,911 INFO RegistrationEngine - Trying to update registration to coap://localhost:5683 ...
2018-05-31 12:25:53,916 INFO RegistrationEngine - Registration update succeed.
2018-05-31 12:25:53,916 INFO RegistrationEngine - Next registration update in 27.0s...
2018-05-31 12:26:20,071 INFO RegistrationEngine - Trying to update registration to coap://localhost:5683 ...
2018-05-31 12:26:20,077 INFO RegistrationEngine - Registration update succeed.
2018-05-31 12:26:20,077 INFO RegistrationEngine - Next registration update in 27.0s...
2018-05-31 12:26:20,431 INFO RegistrationEngine - Trying to update registration to coap://localhost:5683 ...
2018-05-31 12:26:20,437 INFO RegistrationEngine - Registration update succeed.
2018-05-31 12:26:20,438 INFO RegistrationEngine - Next registration update in 27.0s...
2018-05-31 12:26:20,487 INFO RegistrationEngine - Trying to update registration to coap://localhost:5683 ...
2018-05-31 12:26:20,494 INFO RegistrationEngine - Registration update succeed.
2018-05-31 12:26:20,495 INFO RegistrationEngine - Next registration update in 27.0s...
2018-05-31 12:26:20,675 INFO RegistrationEngine - Trying to update registration to coap://localhost:5683 ...
2018-05-31 12:26:20,680 INFO RegistrationEngine - Registration update succeed.
2018-05-31 12:26:20,680 INFO RegistrationEngine - Next registration update in 27.0s...
2018-05-31 12:26:20,683 INFO RegistrationEngine - Trying to update registration to coap://localhost:5683 ...
2018-05-31 12:26:20,687 INFO RegistrationEngine - Registration update succeed.
2018-05-31 12:26:20,688 INFO RegistrationEngine - Next registration update in 27.0s...
2018-05-31 12:26:20,694 INFO RegistrationEngine - Trying to update registration to coap://localhost:5683 ...
2018-05-31 12:26:20,698 INFO RegistrationEngine - Registration update succeed.
2018-05-31 12:26:20,698 INFO RegistrationEngine - Next registration update in 27.0s...
2018-05-31 12:26:20,782 INFO RegistrationEngine - Trying to update registration to coap://localhost:5683 ...
2018-05-31 12:26:20,783 INFO RegistrationEngine - Trying to update registration to coap://localhost:5683 ...
2018-05-31 12:26:20,789 INFO RegistrationEngine - Registration update succeed.
2018-05-31 12:26:20,789 INFO RegistrationEngine - Registration update succeed.
2018-05-31 12:26:20,789 INFO RegistrationEngine - Next registration update in 27.0s...
2018-05-31 12:26:20,789 INFO RegistrationEngine - Next registration update in 27.0s...
2018-05-31 12:26:20,902 INFO RegistrationEngine - Trying to update registration to coap://localhost:5683 ...
2018-05-31 12:26:20,906 INFO RegistrationEngine - Registration update succeed.
2018-05-31 12:26:20,907 INFO RegistrationEngine - Next registration update in 27.0s...
2018-05-31 12:26:20,922 INFO RegistrationEngine - Trying to update registration to coap://localhost:5683 ...
2018-05-31 12:26:20,926 INFO RegistrationEngine - Registration update succeed.
2018-05-31 12:26:20,927 INFO RegistrationEngine - Next registration update in 27.0s...
2018-05-31 12:26:47,085 INFO RegistrationEngine - Trying to update registration to coap://localhost:5683 ...
2018-05-31 12:26:47,089 INFO RegistrationEngine - Registration update succeed.
2018-05-31 12:26:47,090 INFO RegistrationEngine - Next registration update in 27.0s...
2018-05-31 12:26:47,439 INFO RegistrationEngine - Trying to update registration to coap://localhost:5683 ...
2018-05-31 12:26:47,445 INFO RegistrationEngine - Registration update succeed.
2018-05-31 12:26:47,445 INFO RegistrationEngine - Next registration update in 27.0s...
2018-05-31 12:26:47,496 INFO RegistrationEngine - Trying to update registration to coap://localhost:5683 ...
2018-05-31 12:26:47,502 INFO RegistrationEngine - Registration update succeed.
2018-05-31 12:26:47,502 INFO RegistrationEngine - Next registration update in 27.0s...
2018-05-31 12:26:47,682 INFO RegistrationEngine - Trying to update registration to coap://localhost:5683 ...
2018-05-31 12:26:47,687 INFO RegistrationEngine - Registration update succeed.
2018-05-31 12:26:47,688 INFO RegistrationEngine - Next registration update in 27.0s...
2018-05-31 12:26:47,689 INFO RegistrationEngine - Trying to update registration to coap://localhost:5683 ...
2018-05-31 12:26:47,697 INFO RegistrationEngine - Registration update succeed.
2018-05-31 12:26:47,697 INFO RegistrationEngine - Next registration update in 27.0s...
2018-05-31 12:26:47,699 INFO RegistrationEngine - Trying to update registration to coap://localhost:5683 ...
2018-05-31 12:26:47,704 INFO RegistrationEngine - Registration update succeed.
2018-05-31 12:26:47,704 INFO RegistrationEngine - Next registration update in 27.0s...
2018-05-31 12:26:47,791 INFO RegistrationEngine - Trying to update registration to coap://localhost:5683 ...
2018-05-31 12:26:47,791 INFO RegistrationEngine - Trying to update registration to coap://localhost:5683 ...
2018-05-31 12:26:47,797 INFO RegistrationEngine - Registration update succeed.
2018-05-31 12:26:47,797 INFO RegistrationEngine - Next registration update in 27.0s...
2018-05-31 12:26:47,803 INFO RegistrationEngine - Registration update succeed.
2018-05-31 12:26:47,803 INFO RegistrationEngine - Next registration update in 27.0s...
2018-05-31 12:26:47,909 INFO RegistrationEngine - Trying to update registration to coap://localhost:5683 ...
2018-05-31 12:26:47,914 INFO RegistrationEngine - Registration update succeed.
2018-05-31 12:26:47,915 INFO RegistrationEngine - Next registration update in 27.0s...
2018-05-31 12:26:47,929 INFO RegistrationEngine - Trying to update registration to coap://localhost:5683 ...
2018-05-31 12:26:47,937 INFO RegistrationEngine - Registration update succeed.
2018-05-31 12:26:47,937 INFO RegistrationEngine - Next registration update in 27.0s...
2018-05-31 12:27:14,091 INFO RegistrationEngine - Trying to update registration to coap://localhost:5683 ...
2018-05-31 12:27:14,095 INFO RegistrationEngine - Registration update succeed.
2018-05-31 12:27:14,095 INFO RegistrationEngine - Next registration update in 27.0s...
2018-05-31 12:27:14,448 INFO RegistrationEngine - Trying to update registration to coap://localhost:5683 ...
2018-05-31 12:27:14,453 INFO RegistrationEngine - Registration update succeed.
2018-05-31 12:27:14,453 INFO RegistrationEngine - Next registration update in 27.0s...
2018-05-31 12:27:14,505 INFO RegistrationEngine - Trying to update registration to coap://localhost:5683 ...
2018-05-31 12:27:14,508 INFO RegistrationEngine - Registration update succeed.
2018-05-31 12:27:14,508 INFO RegistrationEngine - Next registration update in 27.0s...
2018-05-31 12:27:14,691 INFO RegistrationEngine - Trying to update registration to coap://localhost:5683 ...
2018-05-31 12:27:14,695 INFO RegistrationEngine - Registration update succeed.
2018-05-31 12:27:14,696 INFO RegistrationEngine - Next registration update in 27.0s...
2018-05-31 12:27:14,698 INFO RegistrationEngine - Trying to update registration to coap://localhost:5683 ...
2018-05-31 12:27:14,703 INFO RegistrationEngine - Registration update succeed.
2018-05-31 12:27:14,703 INFO RegistrationEngine - Next registration update in 27.0s...
2018-05-31 12:27:14,705 INFO RegistrationEngine - Trying to update registration to coap://localhost:5683 ...
2018-05-31 12:27:14,709 INFO RegistrationEngine - Registration update succeed.
2018-05-31 12:27:14,709 INFO RegistrationEngine - Next registration update in 27.0s...
2018-05-31 12:27:14,798 INFO RegistrationEngine - Trying to update registration to coap://localhost:5683 ...
2018-05-31 12:27:14,803 INFO RegistrationEngine - Registration update succeed.
2018-05-31 12:27:14,804 INFO RegistrationEngine - Next registration update in 27.0s...
2018-05-31 12:27:14,806 INFO RegistrationEngine - Trying to update registration to coap://localhost:5683 ...
2018-05-31 12:27:14,811 INFO RegistrationEngine - Registration update succeed.
2018-05-31 12:27:14,811 INFO RegistrationEngine - Next registration update in 27.0s...
2018-05-31 12:27:14,933 INFO RegistrationEngine - Trying to update registration to coap://localhost:5683 ...
2018-05-31 12:27:14,939 INFO RegistrationEngine - Trying to update registration to coap://localhost:5683 ...
2018-05-31 12:27:14,939 INFO RegistrationEngine - Registration update succeed.
2018-05-31 12:27:14,940 INFO RegistrationEngine - Next registration update in 27.0s...
2018-05-31 12:27:14,943 INFO RegistrationEngine - Registration update succeed.
2018-05-31 12:27:14,943 INFO RegistrationEngine - Next registration update in 27.0s...
2018-05-31 12:27:41,101 INFO RegistrationEngine - Trying to update registration to coap://localhost:5683 ...
2018-05-31 12:27:41,105 INFO RegistrationEngine - Registration update succeed.
2018-05-31 12:27:41,106 INFO RegistrationEngine - Next registration update in 27.0s...
2018-05-31 12:27:41,454 INFO RegistrationEngine - Trying to update registration to coap://localhost:5683 ...
2018-05-31 12:27:41,460 INFO RegistrationEngine - Registration update succeed.
2018-05-31 12:27:41,460 INFO RegistrationEngine - Next registration update in 27.0s...
2018-05-31 12:27:41,510 INFO RegistrationEngine - Trying to update registration to coap://localhost:5683 ...
2018-05-31 12:27:41,517 INFO RegistrationEngine - Registration update succeed.
2018-05-31 12:27:41,518 INFO RegistrationEngine - Next registration update in 27.0s...
2018-05-31 12:27:41,697 INFO RegistrationEngine - Trying to update registration to coap://localhost:5683 ...
2018-05-31 12:27:41,703 INFO RegistrationEngine - Registration update succeed.
2018-05-31 12:27:41,704 INFO RegistrationEngine - Trying to update registration to coap://localhost:5683 ...
2018-05-31 12:27:41,703 INFO RegistrationEngine - Next registration update in 27.0s...
2018-05-31 12:27:41,709 INFO RegistrationEngine - Registration update succeed.
2018-05-31 12:27:41,710 INFO RegistrationEngine - Next registration update in 27.0s...
2018-05-31 12:27:41,712 INFO RegistrationEngine - Trying to update registration to coap://localhost:5683 ...
2018-05-31 12:27:41,720 INFO RegistrationEngine - Registration update succeed.
2018-05-31 12:27:41,721 INFO RegistrationEngine - Next registration update in 27.0s...
2018-05-31 12:27:41,805 INFO RegistrationEngine - Trying to update registration to coap://localhost:5683 ...
2018-05-31 12:27:41,810 INFO RegistrationEngine - Registration update succeed.
2018-05-31 12:27:41,811 INFO RegistrationEngine - Next registration update in 27.0s...
2018-05-31 12:27:41,821 INFO RegistrationEngine - Trying to update registration to coap://localhost:5683 ...
2018-05-31 12:27:41,828 INFO RegistrationEngine - Registration update succeed.
2018-05-31 12:27:41,829 INFO RegistrationEngine - Next registration update in 27.0s...
2018-05-31 12:27:41,945 INFO RegistrationEngine - Trying to update registration to coap://localhost:5683 ...
2018-05-31 12:27:41,945 INFO RegistrationEngine - Trying to update registration to coap://localhost:5683 ...
2018-05-31 12:27:41,953 INFO RegistrationEngine - Registration update succeed.
2018-05-31 12:27:41,954 INFO RegistrationEngine - Next registration update in 27.0s...
2018-05-31 12:27:41,954 INFO RegistrationEngine - Registration update succeed.
2018-05-31 12:27:41,954 INFO RegistrationEngine - Next registration update in 27.0s...
2018-05-31 12:28:08,107 INFO RegistrationEngine - Trying to update registration to coap://localhost:5683 ...
2018-05-31 12:28:08,110 INFO RegistrationEngine - Registration update succeed.
2018-05-31 12:28:08,111 INFO RegistrationEngine - Next registration update in 27.0s...
2018-05-31 12:28:08,462 INFO RegistrationEngine - Trying to update registration to coap://localhost:5683 ...
2018-05-31 12:28:08,466 INFO RegistrationEngine - Registration update succeed.
2018-05-31 12:28:08,466 INFO RegistrationEngine - Next registration update in 27.0s...
2018-05-31 12:28:08,519 INFO RegistrationEngine - Trying to update registration to coap://localhost:5683 ...
2018-05-31 12:28:08,523 INFO RegistrationEngine - Registration update succeed.
2018-05-31 12:28:08,523 INFO RegistrationEngine - Next registration update in 27.0s...
2018-05-31 12:28:08,706 INFO RegistrationEngine - Trying to update registration to coap://localhost:5683 ...
2018-05-31 12:28:08,711 INFO RegistrationEngine - Trying to update registration to coap://localhost:5683 ...
2018-05-31 12:28:08,712 INFO RegistrationEngine - Registration update succeed.
2018-05-31 12:28:08,712 INFO RegistrationEngine - Next registration update in 27.0s...
2018-05-31 12:28:08,717 INFO RegistrationEngine - Registration update succeed.
2018-05-31 12:28:08,717 INFO RegistrationEngine - Next registration update in 27.0s...
2018-05-31 12:28:08,722 INFO RegistrationEngine - Trying to update registration to coap://localhost:5683 ...
2018-05-31 12:28:08,726 INFO RegistrationEngine - Registration update succeed.
2018-05-31 12:28:08,727 INFO RegistrationEngine - Next registration update in 27.0s...
2018-05-31 12:28:08,814 INFO RegistrationEngine - Trying to update registration to coap://localhost:5683 ...
2018-05-31 12:28:08,819 INFO RegistrationEngine - Registration update succeed.
2018-05-31 12:28:08,819 INFO RegistrationEngine - Next registration update in 27.0s...
2018-05-31 12:28:08,831 INFO RegistrationEngine - Trying to update registration to coap://localhost:5683 ...
2018-05-31 12:28:08,836 INFO RegistrationEngine - Registration update succeed.
2018-05-31 12:28:08,836 INFO RegistrationEngine - Next registration update in 27.0s...
2018-05-31 12:28:08,961 INFO RegistrationEngine - Trying to update registration to coap://localhost:5683 ...
2018-05-31 12:28:08,961 INFO RegistrationEngine - Trying to update registration to coap://localhost:5683 ...
2018-05-31 12:28:08,965 INFO RegistrationEngine - Registration update succeed.
2018-05-31 12:28:08,965 INFO RegistrationEngine - Next registration update in 27.0s...
2018-05-31 12:28:08,968 INFO RegistrationEngine - Registration update succeed.
2018-05-31 12:28:08,968 INFO RegistrationEngine - Next registration update in 27.0s...
2018-05-31 12:28:35,111 INFO RegistrationEngine - Trying to update registration to coap://localhost:5683 ...
2018-05-31 12:28:35,115 INFO RegistrationEngine - Registration update succeed.
2018-05-31 12:28:35,116 INFO RegistrationEngine - Next registration update in 27.0s...
2018-05-31 12:28:35,468 INFO RegistrationEngine - Trying to update registration to coap://localhost:5683 ...
2018-05-31 12:28:35,473 INFO RegistrationEngine - Registration update succeed.
2018-05-31 12:28:35,473 INFO RegistrationEngine - Next registration update in 27.0s...
2018-05-31 12:28:35,524 INFO RegistrationEngine - Trying to update registration to coap://localhost:5683 ...
2018-05-31 12:28:35,529 INFO RegistrationEngine - Registration update succeed.
2018-05-31 12:28:35,529 INFO RegistrationEngine - Next registration update in 27.0s...
2018-05-31 12:28:35,723 INFO RegistrationEngine - Trying to update registration to coap://localhost:5683 ...
2018-05-31 12:28:35,723 INFO RegistrationEngine - Trying to update registration to coap://localhost:5683 ...
2018-05-31 12:28:35,729 INFO RegistrationEngine - Trying to update registration to coap://localhost:5683 ...
2018-05-31 12:28:35,740 INFO RegistrationEngine - Registration update succeed.2018-05-31 12:28:35,740 INFO RegistrationEngine - Registration update succeed.

2018-05-31 12:28:35,741 INFO RegistrationEngine - Next registration update in 27.0s...
2018-05-31 12:28:35,741 INFO RegistrationEngine - Next registration update in 27.0s...
2018-05-31 12:28:35,741 INFO RegistrationEngine - Registration update succeed.
2018-05-31 12:28:35,741 INFO RegistrationEngine - Next registration update in 27.0s...
2018-05-31 12:28:35,832 INFO RegistrationEngine - Trying to update registration to coap://localhost:5683 ...
2018-05-31 12:28:35,838 INFO RegistrationEngine - Trying to update registration to coap://localhost:5683 ...
2018-05-31 12:28:35,838 INFO RegistrationEngine - Registration update succeed.
2018-05-31 12:28:35,839 INFO RegistrationEngine - Next registration update in 27.0s...
2018-05-31 12:28:35,844 INFO RegistrationEngine - Registration update succeed.
2018-05-31 12:28:35,845 INFO RegistrationEngine - Next registration update in 27.0s...
2018-05-31 12:28:35,966 INFO RegistrationEngine - Trying to update registration to coap://localhost:5683 ...
2018-05-31 12:28:35,969 INFO RegistrationEngine - Trying to update registration to coap://localhost:5683 ...
2018-05-31 12:28:35,977 INFO RegistrationEngine - Registration update succeed.
2018-05-31 12:28:35,977 INFO RegistrationEngine - Next registration update in 27.0s...
2018-05-31 12:28:35,977 INFO RegistrationEngine - Registration update succeed.
2018-05-31 12:28:35,978 INFO RegistrationEngine - Next registration update in 27.0s...
2018-05-31 12:29:02,117 INFO RegistrationEngine - Trying to update registration to coap://localhost:5683 ...
2018-05-31 12:29:02,122 INFO RegistrationEngine - Registration update succeed.
2018-05-31 12:29:02,122 INFO RegistrationEngine - Next registration update in 27.0s...
2018-05-31 12:29:02,474 INFO RegistrationEngine - Trying to update registration to coap://localhost:5683 ...
2018-05-31 12:29:02,480 INFO RegistrationEngine - Registration update succeed.
2018-05-31 12:29:02,480 INFO RegistrationEngine - Next registration update in 27.0s...
2018-05-31 12:29:02,532 INFO RegistrationEngine - Trying to update registration to coap://localhost:5683 ...
2018-05-31 12:29:02,537 INFO RegistrationEngine - Registration update succeed.
2018-05-31 12:29:02,537 INFO RegistrationEngine - Next registration update in 27.0s...
2018-05-31 12:29:02,742 INFO RegistrationEngine - Trying to update registration to coap://localhost:5683 ...
2018-05-31 12:29:02,743 INFO RegistrationEngine - Trying to update registration to coap://localhost:5683 ...2018-05-31 12:29:02,743 INFO RegistrationEngine - Trying to update registration to coap://localhost:5683 ...

2018-05-31 12:29:02,751 INFO RegistrationEngine - Registration update succeed.
2018-05-31 12:29:02,751 INFO RegistrationEngine - Next registration update in 27.0s...
2018-05-31 12:29:02,756 INFO RegistrationEngine - Registration update succeed.
2018-05-31 12:29:02,756 INFO RegistrationEngine - Next registration update in 27.0s...
2018-05-31 12:29:02,756 INFO RegistrationEngine - Registration update succeed.
2018-05-31 12:29:02,757 INFO RegistrationEngine - Next registration update in 27.0s...
2018-05-31 12:29:02,859 INFO RegistrationEngine - Trying to update registration to coap://localhost:5683 ...2018-05-31 12:29:02,859 INFO RegistrationEngine - Trying to update registration to coap://localhost:5683 ...

2018-05-31 12:29:02,869 INFO RegistrationEngine - Registration update succeed.
2018-05-31 12:29:02,869 INFO RegistrationEngine - Next registration update in 27.0s...
2018-05-31 12:29:02,868 INFO RegistrationEngine - Registration update succeed.
2018-05-31 12:29:02,870 INFO RegistrationEngine - Next registration update in 27.0s...
2018-05-31 12:29:02,978 INFO RegistrationEngine - Trying to update registration to coap://localhost:5683 ...
2018-05-31 12:29:02,979 INFO RegistrationEngine - Trying to update registration to coap://localhost:5683 ...
2018-05-31 12:29:02,985 INFO RegistrationEngine - Registration update succeed.
2018-05-31 12:29:02,985 INFO RegistrationEngine - Next registration update in 27.0s...2018-05-31 12:29:02,985 INFO RegistrationEngine - Registration update succeed.

2018-05-31 12:29:02,985 INFO RegistrationEngine - Next registration update in 27.0s...
2018-05-31 12:29:29,126 INFO RegistrationEngine - Trying to update registration to coap://localhost:5683 ...
2018-05-31 12:29:29,136 INFO RegistrationEngine - Registration update succeed.
2018-05-31 12:29:29,137 INFO RegistrationEngine - Next registration update in 27.0s...
2018-05-31 12:29:29,494 INFO RegistrationEngine - Trying to update registration to coap://localhost:5683 ...
2018-05-31 12:29:29,498 INFO RegistrationEngine - Registration update succeed.
2018-05-31 12:29:29,498 INFO RegistrationEngine - Next registration update in 27.0s...
2018-05-31 12:29:29,543 INFO RegistrationEngine - Trying to update registration to coap://localhost:5683 ...
2018-05-31 12:29:29,547 INFO RegistrationEngine - Registration update succeed.
2018-05-31 12:29:29,547 INFO RegistrationEngine - Next registration update in 27.0s...
2018-05-31 12:29:29,759 INFO RegistrationEngine - Trying to update registration to coap://localhost:5683 ...
2018-05-31 12:29:29,760 INFO RegistrationEngine - Trying to update registration to coap://localhost:5683 ...
2018-05-31 12:29:29,761 INFO RegistrationEngine - Trying to update registration to coap://localhost:5683 ...
2018-05-31 12:29:29,772 INFO RegistrationEngine - Registration update succeed.
2018-05-31 12:29:29,772 INFO RegistrationEngine - Next registration update in 27.0s...
2018-05-31 12:29:29,773 INFO RegistrationEngine - Registration update succeed.
2018-05-31 12:29:29,773 INFO RegistrationEngine - Next registration update in 27.0s...
2018-05-31 12:29:29,774 INFO RegistrationEngine - Registration update succeed.
2018-05-31 12:29:29,774 INFO RegistrationEngine - Next registration update in 27.0s...
2018-05-31 12:29:29,871 INFO RegistrationEngine - Trying to update registration to coap://localhost:5683 ...
2018-05-31 12:29:29,872 INFO RegistrationEngine - Trying to update registration to coap://localhost:5683 ...
2018-05-31 12:29:29,885 INFO RegistrationEngine - Registration update succeed.
2018-05-31 12:29:29,885 INFO RegistrationEngine - Next registration update in 27.0s...
2018-05-31 12:29:29,885 INFO RegistrationEngine - Registration update succeed.
2018-05-31 12:29:29,886 INFO RegistrationEngine - Next registration update in 27.0s...
2018-05-31 12:29:29,986 INFO RegistrationEngine - Trying to update registration to coap://localhost:5683 ...
2018-05-31 12:29:29,987 INFO RegistrationEngine - Trying to update registration to coap://localhost:5683 ...
2018-05-31 12:29:29,995 INFO RegistrationEngine - Registration update succeed.
2018-05-31 12:29:29,995 INFO RegistrationEngine - Next registration update in 27.0s...
2018-05-31 12:29:29,997 INFO RegistrationEngine - Registration update succeed.
2018-05-31 12:29:29,997 INFO RegistrationEngine - Next registration update in 27.0s...
2018-05-31 12:29:56,140 INFO RegistrationEngine - Trying to update registration to coap://localhost:5683 ...
2018-05-31 12:29:56,145 INFO RegistrationEngine - Registration update succeed.
2018-05-31 12:29:56,145 INFO RegistrationEngine - Next registration update in 27.0s...
2018-05-31 12:29:56,501 INFO RegistrationEngine - Trying to update registration to coap://localhost:5683 ...
2018-05-31 12:29:56,507 INFO RegistrationEngine - Registration update succeed.
2018-05-31 12:29:56,507 INFO RegistrationEngine - Next registration update in 27.0s...
2018-05-31 12:29:56,553 INFO RegistrationEngine - Trying to update registration to coap://localhost:5683 ...
2018-05-31 12:29:56,557 INFO RegistrationEngine - Registration update succeed.
2018-05-31 12:29:56,558 INFO RegistrationEngine - Next registration update in 27.0s...
2018-05-31 12:29:56,774 INFO RegistrationEngine - Trying to update registration to coap://localhost:5683 ...
2018-05-31 12:29:56,776 INFO RegistrationEngine - Trying to update registration to coap://localhost:5683 ...
2018-05-31 12:29:56,777 INFO RegistrationEngine - Trying to update registration to coap://localhost:5683 ...
2018-05-31 12:29:56,784 INFO RegistrationEngine - Registration update succeed.
2018-05-31 12:29:56,784 INFO RegistrationEngine - Next registration update in 27.0s...
2018-05-31 12:29:56,796 INFO RegistrationEngine - Registration update succeed.
2018-05-31 12:29:56,796 INFO RegistrationEngine - Next registration update in 27.0s...
2018-05-31 12:29:56,802 INFO RegistrationEngine - Registration update succeed.
2018-05-31 12:29:56,803 INFO RegistrationEngine - Next registration update in 27.0s...
2018-05-31 12:29:56,887 INFO RegistrationEngine - Trying to update registration to coap://localhost:5683 ...
2018-05-31 12:29:56,888 INFO RegistrationEngine - Trying to update registration to coap://localhost:5683 ...
2018-05-31 12:29:56,901 INFO RegistrationEngine - Registration update succeed.
2018-05-31 12:29:56,901 INFO RegistrationEngine - Next registration update in 27.0s...
2018-05-31 12:29:56,901 INFO RegistrationEngine - Registration update succeed.
2018-05-31 12:29:56,902 INFO RegistrationEngine - Next registration update in 27.0s...
2018-05-31 12:29:56,997 INFO RegistrationEngine - Trying to update registration to coap://localhost:5683 ...
2018-05-31 12:29:57,000 INFO RegistrationEngine - Trying to update registration to coap://localhost:5683 ...
2018-05-31 12:29:57,007 INFO RegistrationEngine - Registration update succeed.
2018-05-31 12:29:57,008 INFO RegistrationEngine - Next registration update in 27.0s...
2018-05-31 12:29:57,011 INFO RegistrationEngine - Registration update succeed.
2018-05-31 12:29:57,011 INFO RegistrationEngine - Next registration update in 27.0s...
                                                                                                                                                                                                                                                                                                                                                                                                                                                                                                                                                                                                                                                                                                                                                                                                                                                                                                                                                                                                                                                                                                                                                                                                                                                                                                                                                                                                                                                                                                                                                                                                                                                                                                                                                                                                                                                                                                                                                                                                                                                                                                                                                                                                                                                                                                                                                                                                                                                                                                                                                                                                                                                                                                                                                                                                                                                              